Using pre-set license
Built from '2021.1/staging' branch; Version is '2021.1.15f1 (e767a7370072) revision 15165351'; Using compiler version '192528614'; Build Type 'Release'
OS: 'Windows 10 Home; OS build 19043.1348; Version 2009; 64bit' Language: 'ko' Physical Memory: 32702 MB
BatchMode: 1, IsHumanControllingUs: 0, StartBugReporterOnCrash: 0, Is64bit: 1, IsPro: 0

 COMMAND LINE ARGUMENTS:
D:\Program Files\Unity\2021.1.15f1\Editor\Unity.exe
-adb2
-batchMode
-noUpm
-name
AssetImportWorker0
-projectPath
D:/GitHub/Ar_project4
-logFile
Logs/AssetImportWorker0.log
-srvPort
65291
Successfully changed project path to: D:/GitHub/Ar_project4
D:/GitHub/Ar_project4
Using Asset Import Pipeline V2.
Refreshing native plugins compatible for Editor in 98.42 ms, found 5 plugins.
Preloading 1 native plugins for Editor in 1.39 ms.
Initialize engine version: 2021.1.15f1 (e767a7370072)
[Subsystems] Discovering subsystems at path D:/Program Files/Unity/2021.1.15f1/Editor/Data/Resources/UnitySubsystems
[Subsystems] Discovering subsystems at path D:/GitHub/Ar_project4/Assets
GfxDevice: creating device client; threaded=0; jobified=0
Direct3D:
    Version:  Direct3D 11.0 [level 11.1]
    Renderer: NVIDIA GeForce GTX 1660 (ID=0x2184)
    Vendor:   NVIDIA
    VRAM:     5991 MB
    Driver:   27.21.14.6089
Shader 'PointClouds/PointSplat': fallback shader 'PointClouds/PointSplatLegacy' not found
Initialize mono
Mono path[0] = 'D:/Program Files/Unity/2021.1.15f1/Editor/Data/Managed'
Mono path[1] = 'D:/Program Files/Unity/2021.1.15f1/Editor/Data/MonoBleedingEdge/lib/mono/unityjit'
Mono config path = 'D:/Program Files/Unity/2021.1.15f1/Editor/Data/MonoBleedingEdge/etc'
Using monoOptions --debugger-agent=transport=dt_socket,embedding=1,server=y,suspend=n,address=127.0.0.1:56840
Begin MonoManager ReloadAssembly
Registering precompiled unity dll's ...
Register platform support module: D:/Program Files/Unity/2021.1.15f1/Editor/Data/PlaybackEngines/WindowsStandaloneSupport/UnityEditor.WindowsStandalone.Extensions.dll
Registered in 0.001184 seconds.
Native extension for WindowsStandalone target not found
Refreshing native plugins compatible for Editor in 86.93 ms, found 5 plugins.
Preloading 1 native plugins for Editor in 0.04 ms.
Mono: successfully reloaded assembly
- Completed reload, in  1.537 seconds
Domain Reload Profiling:
	ReloadAssembly (1537ms)
		BeginReloadAssembly (57ms)
			ExecutionOrderSort (0ms)
			DisableScriptedObjects (0ms)
			BackupInstance (0ms)
			ReleaseScriptingObjects (0ms)
			CreateAndSetChildDomain (1ms)
		EndReloadAssembly (442ms)
			LoadAssemblies (56ms)
			RebuildTransferFunctionScriptingTraits (0ms)
			SetupTypeCache (150ms)
			ReleaseScriptCaches (0ms)
			RebuildScriptCaches (28ms)
			SetupLoadedEditorAssemblies (207ms)
				LogAssemblyErrors (0ms)
				InitializePlatformSupportModulesInManaged (6ms)
				SetLoadedEditorAssemblies (0ms)
				RefreshPlugins (87ms)
				BeforeProcessingInitializeOnLoad (1ms)
				ProcessInitializeOnLoadAttributes (87ms)
				ProcessInitializeOnLoadMethodAttributes (26ms)
				AfterProcessingInitializeOnLoad (0ms)
				EditorAssembliesLoaded (0ms)
			ExecutionOrderSort2 (0ms)
			AwakeInstancesAfterBackupRestoration (0ms)
Platform modules already initialized, skipping
Registering precompiled user dll's ...
Registered in 0.009948 seconds.
Begin MonoManager ReloadAssembly
Symbol file LoadedFromMemory doesn't match image D:\GitHub\Ar_project4\Library\PackageCache\com.unity.visualscripting@1.6.1\Editor\VisualScripting.Core\Dependencies\DotNetZip\Unity.VisualScripting.IonicZip.dll
Symbol file LoadedFromMemory doesn't match image D:\GitHub\Ar_project4\Library\PackageCache\com.unity.visualscripting@1.6.1\Editor\VisualScripting.Core\Dependencies\YamlDotNet\Unity.VisualScripting.YamlDotNet.dll
Native extension for WindowsStandalone target not found
Refreshing native plugins compatible for Editor in 0.96 ms, found 5 plugins.
Preloading 1 native plugins for Editor in 0.04 ms.
System.NullReferenceException: Object reference not set to an instance of an object
  at Vuforia.EditorClasses.ExtensionTypeProvider.GetVuforiaPackageAbsPath () [0x0004a] in <664162e2bf7f40388b13ee61d1693ae2>:0 
  at Vuforia.EditorClasses.ExtensionTypeProvider.IsPackageManager () [0x00000] in <664162e2bf7f40388b13ee61d1693ae2>:0 
  at Vuforia.EditorClasses.ExtensionTypeProvider.ResolvePluginType () [0x00009] in <664162e2bf7f40388b13ee61d1693ae2>:0 
  at Vuforia.EditorClasses.ExtensionTypeProvider.GetPluginType () [0x0000c] in <664162e2bf7f40388b13ee61d1693ae2>:0 
  at Vuforia.EditorClasses.VuforiaUtilities.IsVuforiaEnabledInPlayerSettings () [0x00000] in <664162e2bf7f40388b13ee61d1693ae2>:0 
  at VuforiaEnabledObserver..cctor () [0x00000] in <664162e2bf7f40388b13ee61d1693ae2>:0 
UnityEngine.StackTraceUtility:ExtractStackTrace ()
UnityEngine.DebugLogHandler:LogFormat (UnityEngine.LogType,UnityEngine.Object,string,object[])
UnityEngine.Logger:Log (UnityEngine.LogType,object)
UnityEngine.Debug:LogError (object)
UnityEditor.EditorAssemblies:ProcessInitializeOnLoadAttributes (System.Type[])

System.NullReferenceException: Object reference not set to an instance of an object
  at Vuforia.EditorClasses.ExtensionTypeProvider.GetVuforiaPackageAbsPath () [0x0004a] in <664162e2bf7f40388b13ee61d1693ae2>:0 
  at Vuforia.EditorClasses.ExtensionTypeProvider.IsPackageManager () [0x00000] in <664162e2bf7f40388b13ee61d1693ae2>:0 
  at Vuforia.EditorClasses.ExtensionTypeProvider.ResolvePluginType () [0x00009] in <664162e2bf7f40388b13ee61d1693ae2>:0 
  at Vuforia.EditorClasses.ExtensionTypeProvider.GetPluginType () [0x0000c] in <664162e2bf7f40388b13ee61d1693ae2>:0 
  at Vuforia.EditorClasses.VuforiaUtilities.IsVuforiaEnabledInPlayerSettings () [0x00000] in <664162e2bf7f40388b13ee61d1693ae2>:0 
  at Vuforia.EditorClasses.InitializeOnLoadVuforiaTaskRunner..cctor () [0x00015] in <664162e2bf7f40388b13ee61d1693ae2>:0 
UnityEngine.StackTraceUtility:ExtractStackTrace ()
UnityEngine.DebugLogHandler:LogFormat (UnityEngine.LogType,UnityEngine.Object,string,object[])
UnityEngine.Logger:Log (UnityEngine.LogType,object)
UnityEngine.Debug:LogError (object)
UnityEditor.EditorAssemblies:ProcessInitializeOnLoadAttributes (System.Type[])

Mono: successfully reloaded assembly
- Completed reload, in  1.104 seconds
Domain Reload Profiling:
	ReloadAssembly (1104ms)
		BeginReloadAssembly (152ms)
			ExecutionOrderSort (0ms)
			DisableScriptedObjects (4ms)
			BackupInstance (0ms)
			ReleaseScriptingObjects (0ms)
			CreateAndSetChildDomain (18ms)
		EndReloadAssembly (900ms)
			LoadAssemblies (107ms)
			RebuildTransferFunctionScriptingTraits (0ms)
			SetupTypeCache (329ms)
			ReleaseScriptCaches (1ms)
			RebuildScriptCaches (49ms)
			SetupLoadedEditorAssemblies (339ms)
				LogAssemblyErrors (0ms)
				InitializePlatformSupportModulesInManaged (4ms)
				SetLoadedEditorAssemblies (0ms)
				RefreshPlugins (1ms)
				BeforeProcessingInitializeOnLoad (70ms)
				ProcessInitializeOnLoadAttributes (257ms)
				ProcessInitializeOnLoadMethodAttributes (4ms)
				AfterProcessingInitializeOnLoad (3ms)
				EditorAssembliesLoaded (0ms)
			ExecutionOrderSort2 (0ms)
			AwakeInstancesAfterBackupRestoration (6ms)
Platform modules already initialized, skipping
========================================================================
Worker process is ready to serve import requests
Shader 'PointClouds/PointSplat': fallback shader 'PointClouds/PointSplatLegacy' not found
Launched and connected shader compiler UnityShaderCompiler.exe after 0.07 seconds
Refreshing native plugins compatible for Editor in 0.91 ms, found 5 plugins.
Preloading 1 native plugins for Editor in 0.04 ms.
Unloading 3368 Unused Serialized files (Serialized files now loaded: 0)
System memory in use before: 131.5 MB.
System memory in use after: 131.7 MB.

Unloading 57 unused Assets to reduce memory usage. Loaded Objects now: 4080.
Total: 2.335300 ms (FindLiveObjects: 0.291600 ms CreateObjectMapping: 0.102300 ms MarkObjects: 1.860300 ms  DeleteObjects: 0.080200 ms)

AssetImportParameters requested are different than current active one (requested -> active):
  custom:framework-win-MediaFoundation: 216162199b28c13a410421893ffa2e32 -> 
  custom:video-decoder-ogg-theora: a1e56fd34408186e4bbccfd4996cb3dc -> 
  custom:container-muxer-webm: aa71ff27fc2769a1b78a27578f13a17b -> 
  custom:container-demuxer-webm: 4f35f7cbe854078d1ac9338744f61a02 -> 
  custom:container-demuxer-ogg: 62fdf1f143b41e24485cea50d1cbac27 -> 
  custom:video-encoder-webm-vp8: eb34c28f22e8b96e1ab97ce403110664 -> 
  custom:video-decoder-webm-vp8: 9c59270c3fd7afecdb556c50c9e8de78 -> 
  custom:audio-decoder-ogg-vorbis: bf7c407c2cedff20999df2af8eb42d56 -> 
  custom:audio-encoder-webm-vorbis: bf7c407c2cedff20999df2af8eb42d56 -> 
========================================================================
Received Import Request.
  path: Assets/UI/AR_UI/앱아이콘.png
  artifactKey: Guid(37c3288f0faea7b4295a8b3390c19b31) Importer(815301076,1909f56bfc062723c751e8b465ee728b)
Start importing Assets/UI/AR_UI/앱아이콘.png using Guid(37c3288f0faea7b4295a8b3390c19b31) Importer(815301076,1909f56bfc062723c751e8b465ee728b)  -> (artifact id: '0291135dfcc15d4a4371090b1ada80a3') in 0.081129 seconds 
========================================================================
Received Import Request.
  Time since last request: 21.206075 seconds.
  path: Assets/UI/AR_UI/Icons.png
  artifactKey: Guid(ef41f6528e57927428a84ced6156cb8b) Importer(815301076,1909f56bfc062723c751e8b465ee728b)
Start importing Assets/UI/AR_UI/Icons.png using Guid(ef41f6528e57927428a84ced6156cb8b) Importer(815301076,1909f56bfc062723c751e8b465ee728b)  -> (artifact id: '66c4ff1b90d525436d4e1d89229bf87a') in 0.024861 seconds 
========================================================================
Received Import Request.
  Time since last request: 3.970596 seconds.
  path: Assets/UI/AR_UI/Icons.png
  artifactKey: Guid(ef41f6528e57927428a84ced6156cb8b) Importer(815301076,1909f56bfc062723c751e8b465ee728b)
Start importing Assets/UI/AR_UI/Icons.png using Guid(ef41f6528e57927428a84ced6156cb8b) Importer(815301076,1909f56bfc062723c751e8b465ee728b)  -> (artifact id: '9e7e916dc150f4c8ff410117a0d5e78b') in 0.041377 seconds 
========================================================================
Received Import Request.
  Time since last request: 14.034935 seconds.
  path: Assets/Grammy/Drawing/3MiLook.png
  artifactKey: Guid(be8eedccdc11cff46b6a70c0fef593ce) Importer(815301076,1909f56bfc062723c751e8b465ee728b)
Start importing Assets/Grammy/Drawing/3MiLook.png using Guid(be8eedccdc11cff46b6a70c0fef593ce) Importer(815301076,1909f56bfc062723c751e8b465ee728b)  -> (artifact id: '93dd8eafb2c622bbe8bed4a36e9a0816') in 0.090327 seconds 
========================================================================
Received Import Request.
  Time since last request: 0.000188 seconds.
  path: Assets/Editor/Vuforia/ImageTargetTextures/ARColor/3MiLook7_scaled.jpg
  artifactKey: Guid(301e1ae45f0b4888b057fb3f9d8bf4fa) Importer(815301076,1909f56bfc062723c751e8b465ee728b)
Start importing Assets/Editor/Vuforia/ImageTargetTextures/ARColor/3MiLook7_scaled.jpg using Guid(301e1ae45f0b4888b057fb3f9d8bf4fa) Importer(815301076,1909f56bfc062723c751e8b465ee728b)  -> (artifact id: '5ef0a9558fbfbab99091038115975394') in 0.073941 seconds 
========================================================================
Received Import Request.
  Time since last request: 0.000195 seconds.
  path: Assets/Common/Sprites/backarrow_white.png
  artifactKey: Guid(4cab74927ff984b80905cb005348a8d5) Importer(815301076,1909f56bfc062723c751e8b465ee728b)
Start importing Assets/Common/Sprites/backarrow_white.png using Guid(4cab74927ff984b80905cb005348a8d5) Importer(815301076,1909f56bfc062723c751e8b465ee728b)  -> (artifact id: '286bbfb795f43440359d18515dfb0d0f') in 0.018882 seconds 
========================================================================
Received Import Request.
  Time since last request: 0.000166 seconds.
  path: Assets/Editor/Vuforia/TargetsetData/VuforiaMars_Object/80a921afee0341b991f24822f2a1e228_preview.jpg
  artifactKey: Guid(f78768649fe34456b19d6fc2fb6eac90) Importer(815301076,1909f56bfc062723c751e8b465ee728b)
Start importing Assets/Editor/Vuforia/TargetsetData/VuforiaMars_Object/80a921afee0341b991f24822f2a1e228_preview.jpg using Guid(f78768649fe34456b19d6fc2fb6eac90) Importer(815301076,1909f56bfc062723c751e8b465ee728b)  -> (artifact id: 'bc666fcf8cf79f9b1d73a46d2e84460b') in 0.039566 seconds 
========================================================================
Received Import Request.
  Time since last request: 0.000182 seconds.
  path: Assets/Editor/Vuforia/ImageTargetTextures/ARColor/3MiLook14_scaled.jpg
  artifactKey: Guid(1acab6abf3b64c66b51b7a784c6c43c0) Importer(815301076,1909f56bfc062723c751e8b465ee728b)
Start importing Assets/Editor/Vuforia/ImageTargetTextures/ARColor/3MiLook14_scaled.jpg using Guid(1acab6abf3b64c66b51b7a784c6c43c0) Importer(815301076,1909f56bfc062723c751e8b465ee728b)  -> (artifact id: '447d88ee13f61ae0b068acbb97922148') in 0.035779 seconds 
========================================================================
Received Import Request.
  Time since last request: 0.000308 seconds.
  path: Assets/Common/Sprites/background_white.png
  artifactKey: Guid(05a8ed3e38b63bf439be3daf61f4f95d) Importer(815301076,1909f56bfc062723c751e8b465ee728b)
Start importing Assets/Common/Sprites/background_white.png using Guid(05a8ed3e38b63bf439be3daf61f4f95d) Importer(815301076,1909f56bfc062723c751e8b465ee728b)  -> (artifact id: '4182c21673655c5b66939c9620e27483') in 0.068726 seconds 
========================================================================
Received Import Request.
  Time since last request: 0.000193 seconds.
  path: Assets/Editor/Vuforia/Vuforia_Marslander_RZR_Toy360/531fd89ee0b74baa86c1e50d877121e1/bb1cf8f64dc54f759687d193f19ee4af_preview.jpg
  artifactKey: Guid(365733ba83814f65bdb0bd4e2fa39300) Importer(815301076,1909f56bfc062723c751e8b465ee728b)
Start importing Assets/Editor/Vuforia/Vuforia_Marslander_RZR_Toy360/531fd89ee0b74baa86c1e50d877121e1/bb1cf8f64dc54f759687d193f19ee4af_preview.jpg using Guid(365733ba83814f65bdb0bd4e2fa39300) Importer(815301076,1909f56bfc062723c751e8b465ee728b)  -> (artifact id: 'a2cb12bb0730395bccce4d283ed991fe') in 0.090240 seconds 
========================================================================
Received Import Request.
  Time since last request: 0.000170 seconds.
  path: Assets/Editor/Vuforia/ImageTargetTextures/ARColor/Angelfish_ForPrinted_scaled.jpg
  artifactKey: Guid(39e04fb38c284cee9abe8fa4eec7883d) Importer(815301076,1909f56bfc062723c751e8b465ee728b)
Start importing Assets/Editor/Vuforia/ImageTargetTextures/ARColor/Angelfish_ForPrinted_scaled.jpg using Guid(39e04fb38c284cee9abe8fa4eec7883d) Importer(815301076,1909f56bfc062723c751e8b465ee728b)  -> (artifact id: '3ea0828d8c0f6da5029ceece8ee6dd0a') in 0.109198 seconds 
========================================================================
Received Import Request.
  Time since last request: 0.000186 seconds.
  path: Assets/UI/btn_icon_post.png
  artifactKey: Guid(7ecd0472c12208949884566477c8bba3) Importer(815301076,1909f56bfc062723c751e8b465ee728b)
Start importing Assets/UI/btn_icon_post.png using Guid(7ecd0472c12208949884566477c8bba3) Importer(815301076,1909f56bfc062723c751e8b465ee728b)  -> (artifact id: '13af6077467429f7a521f8bb8dc739c0') in 0.043751 seconds 
========================================================================
Received Import Request.
  Time since last request: 0.000224 seconds.
  path: Assets/Editor/Vuforia/ImageTargetTextures/ARColor/3MiLook22_scaled.jpg
  artifactKey: Guid(c2adb56ce14b431c81def21ec5b6a738) Importer(815301076,1909f56bfc062723c751e8b465ee728b)
Start importing Assets/Editor/Vuforia/ImageTargetTextures/ARColor/3MiLook22_scaled.jpg using Guid(c2adb56ce14b431c81def21ec5b6a738) Importer(815301076,1909f56bfc062723c751e8b465ee728b)  -> (artifact id: 'bf84791950167c65f39ae9c257bd0fe8') in 0.109246 seconds 
========================================================================
Received Import Request.
  Time since last request: 0.000226 seconds.
  path: Assets/Editor/Vuforia/ImageTargetTextures/ARColor/3MiLook1111111_scaled.jpg
  artifactKey: Guid(5360aebc37624c40b999e4f4a2acb025) Importer(815301076,1909f56bfc062723c751e8b465ee728b)
Start importing Assets/Editor/Vuforia/ImageTargetTextures/ARColor/3MiLook1111111_scaled.jpg using Guid(5360aebc37624c40b999e4f4a2acb025) Importer(815301076,1909f56bfc062723c751e8b465ee728b)  -> (artifact id: '9b5640bea34c8dbfa513d8a4bf95691b') in 0.063592 seconds 
========================================================================
Received Import Request.
  Time since last request: 0.000174 seconds.
  path: Assets/Editor/Vuforia/ImageTargetTextures/ARColor/3MiLook_scaled.jpg
  artifactKey: Guid(6f3b2887d630414f865a43a8017405c0) Importer(815301076,1909f56bfc062723c751e8b465ee728b)
Start importing Assets/Editor/Vuforia/ImageTargetTextures/ARColor/3MiLook_scaled.jpg using Guid(6f3b2887d630414f865a43a8017405c0) Importer(815301076,1909f56bfc062723c751e8b465ee728b)  -> (artifact id: 'c603772d51c5b300692e3e0ac3fc5ab9') in 0.045727 seconds 
========================================================================
Received Import Request.
  Time since last request: 0.000191 seconds.
  path: Assets/Editor/Vuforia/ImageTargetTextures/ARColor/3MiLook12_scaled.jpg
  artifactKey: Guid(be1a0740a13c43049e7977d7a5c6c61f) Importer(815301076,1909f56bfc062723c751e8b465ee728b)
Start importing Assets/Editor/Vuforia/ImageTargetTextures/ARColor/3MiLook12_scaled.jpg using Guid(be1a0740a13c43049e7977d7a5c6c61f) Importer(815301076,1909f56bfc062723c751e8b465ee728b)  -> (artifact id: 'ac9d0edbbe9b73222a0181091528cddc') in 0.065364 seconds 
========================================================================
Received Import Request.
  Time since last request: 0.000206 seconds.
  path: Assets/Grammy/Drawing/3MiLook.jpg
  artifactKey: Guid(f1b915642291e1d48b365a5e4e48fdf5) Importer(815301076,1909f56bfc062723c751e8b465ee728b)
Start importing Assets/Grammy/Drawing/3MiLook.jpg using Guid(f1b915642291e1d48b365a5e4e48fdf5) Importer(815301076,1909f56bfc062723c751e8b465ee728b)  -> (artifact id: 'a52646af3af8b3ed8266684f2486bf9f') in 0.079394 seconds 
========================================================================
Received Import Request.
  Time since last request: 0.000178 seconds.
  path: Assets/Editor/Vuforia/ImageTargetTextures/ARColor/3MiLook13_scaled.jpg
  artifactKey: Guid(3ff8a47bab6b4dffa5f6cf9605db9b95) Importer(815301076,1909f56bfc062723c751e8b465ee728b)
Start importing Assets/Editor/Vuforia/ImageTargetTextures/ARColor/3MiLook13_scaled.jpg using Guid(3ff8a47bab6b4dffa5f6cf9605db9b95) Importer(815301076,1909f56bfc062723c751e8b465ee728b)  -> (artifact id: '43da26e818c687d59334468f2467aced') in 0.057959 seconds 
========================================================================
Received Import Request.
  Time since last request: 43.604421 seconds.
  path: Assets/SamplesResources/SceneAssets/CloudReco/Sprites/CR_content_ring.png
  artifactKey: Guid(72f62b5e8814846e7a9db62d42621e0d) Importer(815301076,1909f56bfc062723c751e8b465ee728b)
Start importing Assets/SamplesResources/SceneAssets/CloudReco/Sprites/CR_content_ring.png using Guid(72f62b5e8814846e7a9db62d42621e0d) Importer(815301076,1909f56bfc062723c751e8b465ee728b)  -> (artifact id: '3d73a9923634ebee0d83a54af8ef0016') in 0.137985 seconds 
========================================================================
Received Import Request.
  Time since last request: 0.000179 seconds.
  path: Assets/SamplesResources/AugmentationAssets/Textures/Oxygen/Oxygen_Info.png
  artifactKey: Guid(41b94227c3c54454ca2b71ad77fac1c6) Importer(815301076,1909f56bfc062723c751e8b465ee728b)
Start importing Assets/SamplesResources/AugmentationAssets/Textures/Oxygen/Oxygen_Info.png using Guid(41b94227c3c54454ca2b71ad77fac1c6) Importer(815301076,1909f56bfc062723c751e8b465ee728b)  -> (artifact id: '2202a0bbb9f93fa7a233fbaaad949bd9') in 0.056785 seconds 
========================================================================
Received Import Request.
  Time since last request: 0.000203 seconds.
  path: Assets/SamplesResources/SceneAssets/ModelTargets/Sprites/settings_on.png
  artifactKey: Guid(c53b85021ac9c4bc59e79802828ee2bc) Importer(815301076,1909f56bfc062723c751e8b465ee728b)
Start importing Assets/SamplesResources/SceneAssets/ModelTargets/Sprites/settings_on.png using Guid(c53b85021ac9c4bc59e79802828ee2bc) Importer(815301076,1909f56bfc062723c751e8b465ee728b)  -> (artifact id: '1c0ed65717c5d8406370c161379e3d5b') in 0.053163 seconds 
========================================================================
Received Import Request.
  Time since last request: 0.000171 seconds.
  path: Assets/Editor/Vuforia/ImageTargetTextures/ARColor/Pung_Combine_scaled.jpg
  artifactKey: Guid(1473e44dac724fe48a4a0d94cec837d6) Importer(815301076,1909f56bfc062723c751e8b465ee728b)
Start importing Assets/Editor/Vuforia/ImageTargetTextures/ARColor/Pung_Combine_scaled.jpg using Guid(1473e44dac724fe48a4a0d94cec837d6) Importer(815301076,1909f56bfc062723c751e8b465ee728b)  -> (artifact id: '144a6bff445357e5455475e803fe9ca2') in 0.081431 seconds 
========================================================================
Received Import Request.
  Time since last request: 0.000159 seconds.
  path: Assets/Common/Sprites/spinner.png
  artifactKey: Guid(264807bb2ba1ba24daeba940d6cdbade) Importer(815301076,1909f56bfc062723c751e8b465ee728b)
Start importing Assets/Common/Sprites/spinner.png using Guid(264807bb2ba1ba24daeba940d6cdbade) Importer(815301076,1909f56bfc062723c751e8b465ee728b)  -> (artifact id: 'f6c51e0e521d13d541994eee56bc142a') in 0.042384 seconds 
========================================================================
Received Import Request.
  Time since last request: 0.000196 seconds.
  path: Assets/SamplesResources/SceneAssets/ModelTargets/Sprites/LanderTrained.png
  artifactKey: Guid(9ce7853a636af4d509586539b96dd4f1) Importer(815301076,1909f56bfc062723c751e8b465ee728b)
Start importing Assets/SamplesResources/SceneAssets/ModelTargets/Sprites/LanderTrained.png using Guid(9ce7853a636af4d509586539b96dd4f1) Importer(815301076,1909f56bfc062723c751e8b465ee728b)  -> (artifact id: '3b1a4f3ea2a369c6761e15095273ca25') in 0.026997 seconds 
========================================================================
Received Import Request.
  Time since last request: 0.000227 seconds.
  path: Assets/SamplesResources/SceneAssets/ModelTargets/Sprites/RZRTrained.png
  artifactKey: Guid(e662707f3bcbb4bbd8d10265a65a80f2) Importer(815301076,1909f56bfc062723c751e8b465ee728b)
Start importing Assets/SamplesResources/SceneAssets/ModelTargets/Sprites/RZRTrained.png using Guid(e662707f3bcbb4bbd8d10265a65a80f2) Importer(815301076,1909f56bfc062723c751e8b465ee728b)  -> (artifact id: '8acb336df200071f2446ca1e5b46122b') in 0.034233 seconds 
========================================================================
Received Import Request.
  Time since last request: 0.000200 seconds.
  path: Assets/Plugins/Demigiant/DOTween/Editor/Imgs/DOTweenMiniIcon.png
  artifactKey: Guid(61521df2e071645488ba3d05e49289ae) Importer(815301076,1909f56bfc062723c751e8b465ee728b)
Start importing Assets/Plugins/Demigiant/DOTween/Editor/Imgs/DOTweenMiniIcon.png using Guid(61521df2e071645488ba3d05e49289ae) Importer(815301076,1909f56bfc062723c751e8b465ee728b)  -> (artifact id: '913e23c48aa6ee3110ae990ad18fe379') in 0.048647 seconds 
========================================================================
Received Import Request.
  Time since last request: 0.000176 seconds.
  path: Assets/SamplesResources/SceneAssets/ImageTargets/Sprites/icon_loading.png
  artifactKey: Guid(ed6605d0ebca54663ae9bfba7a8c77b9) Importer(815301076,1909f56bfc062723c751e8b465ee728b)
Start importing Assets/SamplesResources/SceneAssets/ImageTargets/Sprites/icon_loading.png using Guid(ed6605d0ebca54663ae9bfba7a8c77b9) Importer(815301076,1909f56bfc062723c751e8b465ee728b)  -> (artifact id: '37c9f6c9e545e1d798112903e00c80a4') in 0.047055 seconds 
========================================================================
Received Import Request.
  Time since last request: 0.000215 seconds.
  path: Assets/Common/Sprites/scanline.png
  artifactKey: Guid(ed8c6abe4a9824b7997c118d2c8a4452) Importer(815301076,1909f56bfc062723c751e8b465ee728b)
Start importing Assets/Common/Sprites/scanline.png using Guid(ed8c6abe4a9824b7997c118d2c8a4452) Importer(815301076,1909f56bfc062723c751e8b465ee728b)  -> (artifact id: 'cc6b4cd23ff081a99607b726db4d6f43') in 0.032788 seconds 
========================================================================
Received Import Request.
  Time since last request: 0.000212 seconds.
  path: Assets/SamplesResources/SceneAssets/ModelTargets/Sprites/settings_off.png
  artifactKey: Guid(89fdd7d5f7b1542f08ec5257af0ab4c6) Importer(815301076,1909f56bfc062723c751e8b465ee728b)
Start importing Assets/SamplesResources/SceneAssets/ModelTargets/Sprites/settings_off.png using Guid(89fdd7d5f7b1542f08ec5257af0ab4c6) Importer(815301076,1909f56bfc062723c751e8b465ee728b)  -> (artifact id: '80457af3b2858821dcc64358c8563ca6') in 0.044111 seconds 
========================================================================
Received Import Request.
  Time since last request: 57.200634 seconds.
  path: Assets/UI/AR_UI/앱아이콘.png
  artifactKey: Guid(37c3288f0faea7b4295a8b3390c19b31) Importer(815301076,1909f56bfc062723c751e8b465ee728b)
Start importing Assets/UI/AR_UI/앱아이콘.png using Guid(37c3288f0faea7b4295a8b3390c19b31) Importer(815301076,1909f56bfc062723c751e8b465ee728b)  -> (artifact id: 'd53b2ce4199c2b63ee624b9d5e9c874d') in 0.012273 seconds 
========================================================================
Received Import Request.
  Time since last request: 5.923373 seconds.
  path: Assets/UI/AR_UI/Icons2.png
  artifactKey: Guid(37c3288f0faea7b4295a8b3390c19b31) Importer(815301076,1909f56bfc062723c751e8b465ee728b)
Start importing Assets/UI/AR_UI/Icons2.png using Guid(37c3288f0faea7b4295a8b3390c19b31) Importer(815301076,1909f56bfc062723c751e8b465ee728b)  -> (artifact id: '73668d52039e8608ddc31209f1528295') in 0.013522 seconds 
========================================================================
Received Import Request.
  Time since last request: 5.007741 seconds.
  path: Assets/Common/Icons/iOS/Icon-256.png
  artifactKey: Guid(8cc5cc8d395f8468aafd15f2aaebb14c) Importer(815301076,1909f56bfc062723c751e8b465ee728b)
Start importing Assets/Common/Icons/iOS/Icon-256.png using Guid(8cc5cc8d395f8468aafd15f2aaebb14c) Importer(815301076,1909f56bfc062723c751e8b465ee728b)  -> (artifact id: 'a15c284a88b5555e6df4c1c9d77b00da') in 0.034838 seconds 
========================================================================
Received Import Request.
  Time since last request: 0.000167 seconds.
  path: Assets/Common/Icons/UWP/LargeTile.scale-200.png
  artifactKey: Guid(36f30904fd6d601448721d9b73ae2a8f) Importer(815301076,1909f56bfc062723c751e8b465ee728b)
Start importing Assets/Common/Icons/UWP/LargeTile.scale-200.png using Guid(36f30904fd6d601448721d9b73ae2a8f) Importer(815301076,1909f56bfc062723c751e8b465ee728b)  -> (artifact id: '653249043848dddd77b7051b17e48d08') in 0.030430 seconds 
========================================================================
Received Import Request.
  Time since last request: 0.000205 seconds.
  path: Assets/Common/Icons/iOS/Icon-1024.png
  artifactKey: Guid(50f07d81dcf4c4fbb8b2c326e7d4b6bb) Importer(815301076,1909f56bfc062723c751e8b465ee728b)
Start importing Assets/Common/Icons/iOS/Icon-1024.png using Guid(50f07d81dcf4c4fbb8b2c326e7d4b6bb) Importer(815301076,1909f56bfc062723c751e8b465ee728b)  -> (artifact id: '4d3836e91abef1742ac3daf50e466ba3') in 0.043317 seconds 
========================================================================
Received Import Request.
  Time since last request: 0.000203 seconds.
  path: Assets/Common/Icons/UWP/LargeTile.scale-100.png
  artifactKey: Guid(7178846d9e148114fa77596ba389de00) Importer(815301076,1909f56bfc062723c751e8b465ee728b)
Start importing Assets/Common/Icons/UWP/LargeTile.scale-100.png using Guid(7178846d9e148114fa77596ba389de00) Importer(815301076,1909f56bfc062723c751e8b465ee728b)  -> (artifact id: 'ffd00cc737a07f2decd57532f36319ec') in 0.029492 seconds 
========================================================================
Received Import Request.
  Time since last request: 0.000215 seconds.
  path: Assets/Common/Icons/UWP/LargeTile.scale-125.png
  artifactKey: Guid(e2c21437fb4c76a45843bd3844beccd1) Importer(815301076,1909f56bfc062723c751e8b465ee728b)
Start importing Assets/Common/Icons/UWP/LargeTile.scale-125.png using Guid(e2c21437fb4c76a45843bd3844beccd1) Importer(815301076,1909f56bfc062723c751e8b465ee728b)  -> (artifact id: 'ec9ff2425b1f26371759ea9fb3d3e31c') in 0.031664 seconds 
========================================================================
Received Import Request.
  Time since last request: 0.000224 seconds.
  path: Assets/SamplesResources/SceneAssets/ImageTargets/Sprites/icon_error.png
  artifactKey: Guid(a94b06bd53a01428f903741be62533f2) Importer(815301076,1909f56bfc062723c751e8b465ee728b)
Start importing Assets/SamplesResources/SceneAssets/ImageTargets/Sprites/icon_error.png using Guid(a94b06bd53a01428f903741be62533f2) Importer(815301076,1909f56bfc062723c751e8b465ee728b)  -> (artifact id: '634c21dc401b359b05f8226690b8926e') in 0.015415 seconds 
========================================================================
Received Import Request.
  Time since last request: 0.000234 seconds.
  path: Assets/Common/Icons/UWP/LargeTile.scale-400.png
  artifactKey: Guid(6400f3e497c2f9b4ab56e9855ba71c97) Importer(815301076,1909f56bfc062723c751e8b465ee728b)
Start importing Assets/Common/Icons/UWP/LargeTile.scale-400.png using Guid(6400f3e497c2f9b4ab56e9855ba71c97) Importer(815301076,1909f56bfc062723c751e8b465ee728b)  -> (artifact id: '2366cec027f20969a960a8eb40c5e1a3') in 0.071076 seconds 
========================================================================
Received Import Request.
  Time since last request: 0.000170 seconds.
  path: Assets/Common/Icons/UWP/LargeTile.scale-150.png
  artifactKey: Guid(cbc78ebd8481d1348bb52ac89270c806) Importer(815301076,1909f56bfc062723c751e8b465ee728b)
Start importing Assets/Common/Icons/UWP/LargeTile.scale-150.png using Guid(cbc78ebd8481d1348bb52ac89270c806) Importer(815301076,1909f56bfc062723c751e8b465ee728b)  -> (artifact id: '81b3139b26998053f0de8f2d7c8683c5') in 0.034068 seconds 
========================================================================
Received Import Request.
  Time since last request: 0.000213 seconds.
  path: Assets/Common/TextMeshPro/Resources/Fonts & Materials/LiberationSans SDF - Fallback.asset
  artifactKey: Guid(2e498d1c8094910479dc3e1b768306a4) Importer(815301076,1909f56bfc062723c751e8b465ee728b)
Start importing Assets/Common/TextMeshPro/Resources/Fonts & Materials/LiberationSans SDF - Fallback.asset using Guid(2e498d1c8094910479dc3e1b768306a4) Importer(815301076,1909f56bfc062723c751e8b465ee728b)  -> (artifact id: '2ee0932eae0131bfd082f17b2b58edab') in 0.110812 seconds 
========================================================================
Received Import Request.
  Time since last request: 0.000266 seconds.
  path: Assets/SamplesResources/SceneAssets/ImageTargets/Sprites/icon_play.png
  artifactKey: Guid(c421843ba6c614e3b959e784448e96a9) Importer(815301076,1909f56bfc062723c751e8b465ee728b)
Start importing Assets/SamplesResources/SceneAssets/ImageTargets/Sprites/icon_play.png using Guid(c421843ba6c614e3b959e784448e96a9) Importer(815301076,1909f56bfc062723c751e8b465ee728b)  -> (artifact id: 'c2f3dbd8c362e00e515a4fa15e2c15dc') in 0.031548 seconds 
========================================================================
Received Import Request.
  Time since last request: 0.000167 seconds.
  path: Assets/Common/Icons/iOS/Icon-512.png
  artifactKey: Guid(d009bdac2bfb64f73a7d01d12af11139) Importer(815301076,1909f56bfc062723c751e8b465ee728b)
Start importing Assets/Common/Icons/iOS/Icon-512.png using Guid(d009bdac2bfb64f73a7d01d12af11139) Importer(815301076,1909f56bfc062723c751e8b465ee728b)  -> (artifact id: '69139c4a14010ebfd8c8dc4fd1869818') in 0.042854 seconds 
========================================================================
Received Import Request.
  Time since last request: 0.000266 seconds.
  path: Assets/Common/Icons/Android/Icon-512.png
  artifactKey: Guid(8d26e2b0041c2447d9888ac10b3aaf03) Importer(815301076,1909f56bfc062723c751e8b465ee728b)
Start importing Assets/Common/Icons/Android/Icon-512.png using Guid(8d26e2b0041c2447d9888ac10b3aaf03) Importer(815301076,1909f56bfc062723c751e8b465ee728b)  -> (artifact id: '1d5b044c48e5ec904f6c6925dfcb49de') in 0.077342 seconds 
========================================================================
Received Prepare
Shader 'PointClouds/PointSplat': fallback shader 'PointClouds/PointSplatLegacy' not found
Refreshing native plugins compatible for Editor in 12.49 ms, found 5 plugins.
Preloading 1 native plugins for Editor in 0.04 ms.
Unloading 49 Unused Serialized files (Serialized files now loaded: 0)
System memory in use before: 68.9 MB.
System memory in use after: 69.1 MB.

Unloading 48 unused Assets to reduce memory usage. Loaded Objects now: 4177.
Total: 3.240600 ms (FindLiveObjects: 0.341000 ms CreateObjectMapping: 0.105300 ms MarkObjects: 2.719200 ms  DeleteObjects: 0.074000 ms)

AssetImportParameters requested are different than current active one (requested -> active):
  custom:framework-win-MediaFoundation: 216162199b28c13a410421893ffa2e32 -> 
  custom:video-decoder-ogg-theora: a1e56fd34408186e4bbccfd4996cb3dc -> 
  custom:container-muxer-webm: aa71ff27fc2769a1b78a27578f13a17b -> 
  custom:container-demuxer-webm: 4f35f7cbe854078d1ac9338744f61a02 -> 
  custom:container-demuxer-ogg: 62fdf1f143b41e24485cea50d1cbac27 -> 
  custom:video-encoder-webm-vp8: eb34c28f22e8b96e1ab97ce403110664 -> 
  custom:video-decoder-webm-vp8: 9c59270c3fd7afecdb556c50c9e8de78 -> 
  custom:audio-decoder-ogg-vorbis: bf7c407c2cedff20999df2af8eb42d56 -> 
  custom:audio-encoder-webm-vorbis: bf7c407c2cedff20999df2af8eb42d56 -> 
AssetImportWorkerClient::OnTransportError - code=2 error=End of file
